<?xml version="1.0" encoding="UTF-8"?>
<!-- Generated by org.testng.reporters.JUnitReportReporter -->
<testsuite hostname="Rajans-MBP.attlocal.net" name="tests.MoreInfoTestCases" tests="1" failures="0" timestamp="5 Aug 2017 21:22:51 GMT" time="10.341" errors="0">
  <testcase name="enterPersonalDetails" time="10.341" classname="tests.MoreInfoTestCases"/>
</testsuite> <!-- tests.MoreInfoTestCases -->
