<?xml version="1.0" encoding="UTF-8"?>
<!-- Generated by org.testng.reporters.JUnitReportReporter -->
<testsuite hostname="Rajans-MBP.attlocal.net" name="tests.PageNavigationTestCases" tests="2" failures="0" timestamp="5 Aug 2017 21:48:53 GMT" time="44.935" errors="0">
  <testcase name="requestInfoPageVerification" time="22.745" classname="tests.PageNavigationTestCases"/>
  <testcase name="newsRoomPageVerification" time="22.190" classname="tests.PageNavigationTestCases"/>
</testsuite> <!-- tests.PageNavigationTestCases -->
