<?xml version="1.0" encoding="UTF-8"?>
<!-- Generated by org.testng.reporters.JUnitReportReporter -->
<testsuite hostname="Rajans-MBP.attlocal.net" name="webpages.MoreInfoTestCases" tests="1" failures="0" timestamp="5 Aug 2017 02:07:27 GMT" time="10.716" errors="0">
  <testcase name="applyAsDeveloper" time="10.716" classname="webpages.MoreInfoTestCases"/>
</testsuite> <!-- webpages.MoreInfoTestCases -->
