<?xml version="1.0" encoding="UTF-8"?>
<!-- Generated by org.testng.reporters.JUnitReportReporter -->
<testsuite hostname="Rajans-MBP.attlocal.net" name="tests.RequestMoreInfoTestCases" tests="1" failures="0" timestamp="5 Aug 2017 21:36:22 GMT" time="13.634" errors="0">
  <testcase name="enterPersonalDetails" time="13.634" classname="tests.RequestMoreInfoTestCases"/>
</testsuite> <!-- tests.RequestMoreInfoTestCases -->
